TMS320C2000 Assembler PC v16.9.6 Tue Apr 03 14:26:44 2018

Tools Copyright (c) 1996-2017 Texas Instruments Incorporated
wait.asm                                                             PAGE    1

       1              ;***************************************************************
       2              ;* TMS320C2000 C/C++ Codegen                    PC v16.9.6.LTS *
       3              ;* Date/Time created: Tue Apr 03 14:26:44 2018                 *
       4              ;***************************************************************
       5                      .compiler_opts --abi=coffabi --cla_support=cla0 --diag_wrap=off --float_support=fpu32 --hll_source=on
       6                      .asg    XAR2, FP
       7              
       8              $C$DW$CU        .dwtag  DW_TAG_compile_unit
       9                      .dwattr $C$DW$CU, DW_AT_name("../source/wait.c")
      10                      .dwattr $C$DW$CU, DW_AT_producer("TI TMS320C2000 C/C++ Codegen PC v16.9.6.LTS Copyright (c) 1996-2017
      11                      .dwattr $C$DW$CU, DW_AT_TI_version(0x01)
      12                      .dwattr $C$DW$CU, DW_AT_comp_dir("C:\Users\MessmerDL1\Documents\ccs_workspace\InputCaptureProject\Deb
      13              ;       C:\ti\ccsv7\tools\compiler\ti-cgt-c2000_16.9.6.LTS\bin\opt2000.exe C:\\Users\\MESSME~1\\AppData\\Loca
      14              ;       C:\ti\ccsv7\tools\compiler\ti-cgt-c2000_16.9.6.LTS\bin\ac2000.exe -@C:\\Users\\MESSME~1\\AppData\\Loc
      15 00000000               .sect   ".text"
      16                      .clink
      17                      .global _wait
      18              
      19              $C$DW$1 .dwtag  DW_TAG_subprogram
      20                      .dwattr $C$DW$1, DW_AT_name("wait")
      21                      .dwattr $C$DW$1, DW_AT_low_pc(_wait)
      22                      .dwattr $C$DW$1, DW_AT_high_pc(0x00)
      23                      .dwattr $C$DW$1, DW_AT_TI_symbol_name("_wait")
      24                      .dwattr $C$DW$1, DW_AT_external
      25                      .dwattr $C$DW$1, DW_AT_TI_begin_file("../source/wait.c")
      26                      .dwattr $C$DW$1, DW_AT_TI_begin_line(0x0a)
      27                      .dwattr $C$DW$1, DW_AT_TI_begin_column(0x06)
      28                      .dwattr $C$DW$1, DW_AT_TI_max_frame_size(-2)
      29                      .dwpsn  file "../source/wait.c",line 11,column 1,is_stmt,address _wait,isa 0
      30              
      31                      .dwfde $C$DW$CIE, _wait
      32              $C$DW$2 .dwtag  DW_TAG_formal_parameter
      33                      .dwattr $C$DW$2, DW_AT_name("time")
      34                      .dwattr $C$DW$2, DW_AT_TI_symbol_name("_time")
      35                      .dwattr $C$DW$2, DW_AT_type(*$C$DW$T$13)
      36                      .dwattr $C$DW$2, DW_AT_location[DW_OP_reg0]
      37              
      38              
      39              ;***************************************************************
      40              ;* FNAME: _wait                         FR SIZE:   0           *
      41              ;*                                                             *
      42              ;* FUNCTION ENVIRONMENT                                        *
      43              ;*                                                             *
      44              ;* FUNCTION PROPERTIES                                         *
      45              ;*                            0 Parameter,  0 Auto,  0 SOE     *
      46              ;***************************************************************
      47              
      48              _wait:
      49              ;* AR4   assigned to $O$L1
      50              ;* AL    assigned to _time
      51              $C$DW$3 .dwtag  DW_TAG_variable
      52                      .dwattr $C$DW$3, DW_AT_name("time")
      53                      .dwattr $C$DW$3, DW_AT_TI_symbol_name("_time")
      54                      .dwattr $C$DW$3, DW_AT_type(*$C$DW$T$20)
      55                      .dwattr $C$DW$3, DW_AT_location[DW_OP_reg0]
TMS320C2000 Assembler PC v16.9.6 Tue Apr 03 14:26:44 2018

Tools Copyright (c) 1996-2017 Texas Instruments Incorporated
wait.asm                                                             PAGE    2

      56              
      57                      .dwcfi  cfa_offset, -2
      58                      .dwcfi  save_reg_to_mem, 26, 0
      59                      .dwpsn  file "../source/wait.c",line 14,column 14,is_stmt,isa 0
      60 00000000 FF58          TEST      ACC                   ; [CPU_] |14| 
      61 00000001 6109          B         $C$L2,EQ              ; [CPU_] |14| 
      62                      ; branchcc occurs ; [] |14| 
      63 00000002 1901          SUBB      ACC,#1                ; [CPU_] 
      64 00000003 8AA9          MOVL      XAR4,ACC              ; [CPU_] 
      65 00000004       $C$L1:    
      66 00000004 7700    NOP
      67 00000005 0200          MOVB      ACC,#0                ; [CPU_] |14| 
      68 00000006 DC81          SUBB      XAR4,#1               ; [CPU_] |14| 
      69 00000007 1901          SUBB      ACC,#1                ; [CPU_] |14| 
      70 00000008 0FA4          CMPL      ACC,XAR4              ; [CPU_] |14| 
      71 00000009 60FB          B         $C$L1,NEQ             ; [CPU_] |14| 
      72                      ; branchcc occurs ; [] |14| 
      73 0000000a       $C$L2:    
      74 0000000a FF69          SPM       #0                    ; [CPU_] 
      75              $C$DW$4 .dwtag  DW_TAG_TI_branch
      76                      .dwattr $C$DW$4, DW_AT_low_pc(0x00)
      77                      .dwattr $C$DW$4, DW_AT_TI_return
      78              
      79 0000000b 0006          LRETR     ; [CPU_] 
      80                      ; return occurs ; [] 
      81                      .dwattr $C$DW$1, DW_AT_TI_end_file("../source/wait.c")
      82                      .dwattr $C$DW$1, DW_AT_TI_end_line(0x15)
      83                      .dwattr $C$DW$1, DW_AT_TI_end_column(0x01)
      84                      .dwendentry
      85                      .dwendtag $C$DW$1
      86              
      87              
      88              ;***************************************************************
      89              ;* TYPE INFORMATION                                            *
      90              ;***************************************************************
      91              $C$DW$T$2       .dwtag  DW_TAG_unspecified_type
      92                      .dwattr $C$DW$T$2, DW_AT_name("void")
      93              
      94              $C$DW$T$4       .dwtag  DW_TAG_base_type
      95                      .dwattr $C$DW$T$4, DW_AT_encoding(DW_ATE_boolean)
      96                      .dwattr $C$DW$T$4, DW_AT_name("bool")
      97                      .dwattr $C$DW$T$4, DW_AT_byte_size(0x01)
      98              
      99              $C$DW$T$5       .dwtag  DW_TAG_base_type
     100                      .dwattr $C$DW$T$5, DW_AT_encoding(DW_ATE_signed_char)
     101                      .dwattr $C$DW$T$5, DW_AT_name("signed char")
     102                      .dwattr $C$DW$T$5, DW_AT_byte_size(0x01)
     103              
     104              $C$DW$T$6       .dwtag  DW_TAG_base_type
     105                      .dwattr $C$DW$T$6, DW_AT_encoding(DW_ATE_unsigned_char)
     106                      .dwattr $C$DW$T$6, DW_AT_name("unsigned char")
     107                      .dwattr $C$DW$T$6, DW_AT_byte_size(0x01)
     108              
     109              $C$DW$T$7       .dwtag  DW_TAG_base_type
     110                      .dwattr $C$DW$T$7, DW_AT_encoding(DW_ATE_signed_char)
TMS320C2000 Assembler PC v16.9.6 Tue Apr 03 14:26:44 2018

Tools Copyright (c) 1996-2017 Texas Instruments Incorporated
wait.asm                                                             PAGE    3

     111                      .dwattr $C$DW$T$7, DW_AT_name("wchar_t")
     112                      .dwattr $C$DW$T$7, DW_AT_byte_size(0x01)
     113              
     114              $C$DW$T$8       .dwtag  DW_TAG_base_type
     115                      .dwattr $C$DW$T$8, DW_AT_encoding(DW_ATE_signed)
     116                      .dwattr $C$DW$T$8, DW_AT_name("short")
     117                      .dwattr $C$DW$T$8, DW_AT_byte_size(0x01)
     118              
     119              $C$DW$T$9       .dwtag  DW_TAG_base_type
     120                      .dwattr $C$DW$T$9, DW_AT_encoding(DW_ATE_unsigned)
     121                      .dwattr $C$DW$T$9, DW_AT_name("unsigned short")
     122                      .dwattr $C$DW$T$9, DW_AT_byte_size(0x01)
     123              
     124              $C$DW$T$10      .dwtag  DW_TAG_base_type
     125                      .dwattr $C$DW$T$10, DW_AT_encoding(DW_ATE_signed)
     126                      .dwattr $C$DW$T$10, DW_AT_name("int")
     127                      .dwattr $C$DW$T$10, DW_AT_byte_size(0x01)
     128              
     129              $C$DW$T$11      .dwtag  DW_TAG_base_type
     130                      .dwattr $C$DW$T$11, DW_AT_encoding(DW_ATE_unsigned)
     131                      .dwattr $C$DW$T$11, DW_AT_name("unsigned int")
     132                      .dwattr $C$DW$T$11, DW_AT_byte_size(0x01)
     133              
     134              $C$DW$T$12      .dwtag  DW_TAG_base_type
     135                      .dwattr $C$DW$T$12, DW_AT_encoding(DW_ATE_signed)
     136                      .dwattr $C$DW$T$12, DW_AT_name("long")
     137                      .dwattr $C$DW$T$12, DW_AT_byte_size(0x02)
     138              
     139              $C$DW$T$13      .dwtag  DW_TAG_base_type
     140                      .dwattr $C$DW$T$13, DW_AT_encoding(DW_ATE_unsigned)
     141                      .dwattr $C$DW$T$13, DW_AT_name("unsigned long")
     142                      .dwattr $C$DW$T$13, DW_AT_byte_size(0x02)
     143              
     144              $C$DW$5 .dwtag  DW_TAG_TI_far_type
     145                      .dwattr $C$DW$5, DW_AT_type(*$C$DW$T$13)
     146              
     147              $C$DW$T$20      .dwtag  DW_TAG_const_type
     148                      .dwattr $C$DW$T$20, DW_AT_type(*$C$DW$5)
     149              
     150              $C$DW$T$14      .dwtag  DW_TAG_base_type
     151                      .dwattr $C$DW$T$14, DW_AT_encoding(DW_ATE_signed)
     152                      .dwattr $C$DW$T$14, DW_AT_name("long long")
     153                      .dwattr $C$DW$T$14, DW_AT_byte_size(0x04)
     154              
     155              $C$DW$T$15      .dwtag  DW_TAG_base_type
     156                      .dwattr $C$DW$T$15, DW_AT_encoding(DW_ATE_unsigned)
     157                      .dwattr $C$DW$T$15, DW_AT_name("unsigned long long")
     158                      .dwattr $C$DW$T$15, DW_AT_byte_size(0x04)
     159              
     160              $C$DW$T$16      .dwtag  DW_TAG_base_type
     161                      .dwattr $C$DW$T$16, DW_AT_encoding(DW_ATE_float)
     162                      .dwattr $C$DW$T$16, DW_AT_name("float")
     163                      .dwattr $C$DW$T$16, DW_AT_byte_size(0x02)
     164              
     165              $C$DW$T$17      .dwtag  DW_TAG_base_type
TMS320C2000 Assembler PC v16.9.6 Tue Apr 03 14:26:44 2018

Tools Copyright (c) 1996-2017 Texas Instruments Incorporated
wait.asm                                                             PAGE    4

     166                      .dwattr $C$DW$T$17, DW_AT_encoding(DW_ATE_float)
     167                      .dwattr $C$DW$T$17, DW_AT_name("double")
     168                      .dwattr $C$DW$T$17, DW_AT_byte_size(0x02)
     169              
     170              $C$DW$T$18      .dwtag  DW_TAG_base_type
     171                      .dwattr $C$DW$T$18, DW_AT_encoding(DW_ATE_float)
     172                      .dwattr $C$DW$T$18, DW_AT_name("long double")
     173                      .dwattr $C$DW$T$18, DW_AT_byte_size(0x04)
     174              
     175                      .dwattr $C$DW$CU, DW_AT_language(DW_LANG_C)
     176              
     177              ;***************************************************************
     178              ;* DWARF CIE ENTRIES                                           *
     179              ;***************************************************************
     180              
     181              $C$DW$CIE       .dwcie 26
     182                      .dwcfi  cfa_register, 20
     183                      .dwcfi  cfa_offset, 0
     184                      .dwcfi  same_value, 28
     185                      .dwcfi  same_value, 6
     186                      .dwcfi  same_value, 7
     187                      .dwcfi  same_value, 8
     188                      .dwcfi  same_value, 9
     189                      .dwcfi  same_value, 10
     190                      .dwcfi  same_value, 11
     191                      .dwcfi  same_value, 59
     192                      .dwcfi  same_value, 60
     193                      .dwcfi  same_value, 63
     194                      .dwcfi  same_value, 64
     195                      .dwcfi  same_value, 67
     196                      .dwcfi  same_value, 68
     197                      .dwcfi  same_value, 71
     198                      .dwcfi  same_value, 72
     199                      .dwendentry
     200              
     201              ;***************************************************************
     202              ;* DWARF REGISTER MAP                                          *
     203              ;***************************************************************
     204              
     205              $C$DW$6 .dwtag  DW_TAG_TI_assign_register
     206                      .dwattr $C$DW$6, DW_AT_name("AL")
     207                      .dwattr $C$DW$6, DW_AT_location[DW_OP_reg0]
     208              
     209              $C$DW$7 .dwtag  DW_TAG_TI_assign_register
     210                      .dwattr $C$DW$7, DW_AT_name("AH")
     211                      .dwattr $C$DW$7, DW_AT_location[DW_OP_reg1]
     212              
     213              $C$DW$8 .dwtag  DW_TAG_TI_assign_register
     214                      .dwattr $C$DW$8, DW_AT_name("PL")
     215                      .dwattr $C$DW$8, DW_AT_location[DW_OP_reg2]
     216              
     217              $C$DW$9 .dwtag  DW_TAG_TI_assign_register
     218                      .dwattr $C$DW$9, DW_AT_name("PH")
     219                      .dwattr $C$DW$9, DW_AT_location[DW_OP_reg3]
     220              
TMS320C2000 Assembler PC v16.9.6 Tue Apr 03 14:26:44 2018

Tools Copyright (c) 1996-2017 Texas Instruments Incorporated
wait.asm                                                             PAGE    5

     221              $C$DW$10        .dwtag  DW_TAG_TI_assign_register
     222                      .dwattr $C$DW$10, DW_AT_name("SP")
     223                      .dwattr $C$DW$10, DW_AT_location[DW_OP_reg20]
     224              
     225              $C$DW$11        .dwtag  DW_TAG_TI_assign_register
     226                      .dwattr $C$DW$11, DW_AT_name("XT")
     227                      .dwattr $C$DW$11, DW_AT_location[DW_OP_reg21]
     228              
     229              $C$DW$12        .dwtag  DW_TAG_TI_assign_register
     230                      .dwattr $C$DW$12, DW_AT_name("T")
     231                      .dwattr $C$DW$12, DW_AT_location[DW_OP_reg22]
     232              
     233              $C$DW$13        .dwtag  DW_TAG_TI_assign_register
     234                      .dwattr $C$DW$13, DW_AT_name("ST0")
     235                      .dwattr $C$DW$13, DW_AT_location[DW_OP_reg23]
     236              
     237              $C$DW$14        .dwtag  DW_TAG_TI_assign_register
     238                      .dwattr $C$DW$14, DW_AT_name("ST1")
     239                      .dwattr $C$DW$14, DW_AT_location[DW_OP_reg24]
     240              
     241              $C$DW$15        .dwtag  DW_TAG_TI_assign_register
     242                      .dwattr $C$DW$15, DW_AT_name("PC")
     243                      .dwattr $C$DW$15, DW_AT_location[DW_OP_reg25]
     244              
     245              $C$DW$16        .dwtag  DW_TAG_TI_assign_register
     246                      .dwattr $C$DW$16, DW_AT_name("RPC")
     247                      .dwattr $C$DW$16, DW_AT_location[DW_OP_reg26]
     248              
     249              $C$DW$17        .dwtag  DW_TAG_TI_assign_register
     250                      .dwattr $C$DW$17, DW_AT_name("FP")
     251                      .dwattr $C$DW$17, DW_AT_location[DW_OP_reg28]
     252              
     253              $C$DW$18        .dwtag  DW_TAG_TI_assign_register
     254                      .dwattr $C$DW$18, DW_AT_name("DP")
     255                      .dwattr $C$DW$18, DW_AT_location[DW_OP_reg29]
     256              
     257              $C$DW$19        .dwtag  DW_TAG_TI_assign_register
     258                      .dwattr $C$DW$19, DW_AT_name("SXM")
     259                      .dwattr $C$DW$19, DW_AT_location[DW_OP_reg30]
     260              
     261              $C$DW$20        .dwtag  DW_TAG_TI_assign_register
     262                      .dwattr $C$DW$20, DW_AT_name("PM")
     263                      .dwattr $C$DW$20, DW_AT_location[DW_OP_reg31]
     264              
     265              $C$DW$21        .dwtag  DW_TAG_TI_assign_register
     266                      .dwattr $C$DW$21, DW_AT_name("OVM")
     267                      .dwattr $C$DW$21, DW_AT_location[DW_OP_regx 0x20]
     268              
     269              $C$DW$22        .dwtag  DW_TAG_TI_assign_register
     270                      .dwattr $C$DW$22, DW_AT_name("PAGE0")
     271                      .dwattr $C$DW$22, DW_AT_location[DW_OP_regx 0x21]
     272              
     273              $C$DW$23        .dwtag  DW_TAG_TI_assign_register
     274                      .dwattr $C$DW$23, DW_AT_name("AMODE")
     275                      .dwattr $C$DW$23, DW_AT_location[DW_OP_regx 0x22]
TMS320C2000 Assembler PC v16.9.6 Tue Apr 03 14:26:44 2018

Tools Copyright (c) 1996-2017 Texas Instruments Incorporated
wait.asm                                                             PAGE    6

     276              
     277              $C$DW$24        .dwtag  DW_TAG_TI_assign_register
     278                      .dwattr $C$DW$24, DW_AT_name("INTM")
     279                      .dwattr $C$DW$24, DW_AT_location[DW_OP_regx 0x23]
     280              
     281              $C$DW$25        .dwtag  DW_TAG_TI_assign_register
     282                      .dwattr $C$DW$25, DW_AT_name("IFR")
     283                      .dwattr $C$DW$25, DW_AT_location[DW_OP_regx 0x24]
     284              
     285              $C$DW$26        .dwtag  DW_TAG_TI_assign_register
     286                      .dwattr $C$DW$26, DW_AT_name("IER")
     287                      .dwattr $C$DW$26, DW_AT_location[DW_OP_regx 0x25]
     288              
     289              $C$DW$27        .dwtag  DW_TAG_TI_assign_register
     290                      .dwattr $C$DW$27, DW_AT_name("V")
     291                      .dwattr $C$DW$27, DW_AT_location[DW_OP_regx 0x26]
     292              
     293              $C$DW$28        .dwtag  DW_TAG_TI_assign_register
     294                      .dwattr $C$DW$28, DW_AT_name("PSEUDOH")
     295                      .dwattr $C$DW$28, DW_AT_location[DW_OP_regx 0x4c]
     296              
     297              $C$DW$29        .dwtag  DW_TAG_TI_assign_register
     298                      .dwattr $C$DW$29, DW_AT_name("VOL")
     299                      .dwattr $C$DW$29, DW_AT_location[DW_OP_regx 0x4d]
     300              
     301              $C$DW$30        .dwtag  DW_TAG_TI_assign_register
     302                      .dwattr $C$DW$30, DW_AT_name("AR0")
     303                      .dwattr $C$DW$30, DW_AT_location[DW_OP_reg4]
     304              
     305              $C$DW$31        .dwtag  DW_TAG_TI_assign_register
     306                      .dwattr $C$DW$31, DW_AT_name("XAR0")
     307                      .dwattr $C$DW$31, DW_AT_location[DW_OP_reg5]
     308              
     309              $C$DW$32        .dwtag  DW_TAG_TI_assign_register
     310                      .dwattr $C$DW$32, DW_AT_name("AR1")
     311                      .dwattr $C$DW$32, DW_AT_location[DW_OP_reg6]
     312              
     313              $C$DW$33        .dwtag  DW_TAG_TI_assign_register
     314                      .dwattr $C$DW$33, DW_AT_name("XAR1")
     315                      .dwattr $C$DW$33, DW_AT_location[DW_OP_reg7]
     316              
     317              $C$DW$34        .dwtag  DW_TAG_TI_assign_register
     318                      .dwattr $C$DW$34, DW_AT_name("AR2")
     319                      .dwattr $C$DW$34, DW_AT_location[DW_OP_reg8]
     320              
     321              $C$DW$35        .dwtag  DW_TAG_TI_assign_register
     322                      .dwattr $C$DW$35, DW_AT_name("XAR2")
     323                      .dwattr $C$DW$35, DW_AT_location[DW_OP_reg9]
     324              
     325              $C$DW$36        .dwtag  DW_TAG_TI_assign_register
     326                      .dwattr $C$DW$36, DW_AT_name("AR3")
     327                      .dwattr $C$DW$36, DW_AT_location[DW_OP_reg10]
     328              
     329              $C$DW$37        .dwtag  DW_TAG_TI_assign_register
     330                      .dwattr $C$DW$37, DW_AT_name("XAR3")
TMS320C2000 Assembler PC v16.9.6 Tue Apr 03 14:26:44 2018

Tools Copyright (c) 1996-2017 Texas Instruments Incorporated
wait.asm                                                             PAGE    7

     331                      .dwattr $C$DW$37, DW_AT_location[DW_OP_reg11]
     332              
     333              $C$DW$38        .dwtag  DW_TAG_TI_assign_register
     334                      .dwattr $C$DW$38, DW_AT_name("AR4")
     335                      .dwattr $C$DW$38, DW_AT_location[DW_OP_reg12]
     336              
     337              $C$DW$39        .dwtag  DW_TAG_TI_assign_register
     338                      .dwattr $C$DW$39, DW_AT_name("XAR4")
     339                      .dwattr $C$DW$39, DW_AT_location[DW_OP_reg13]
     340              
     341              $C$DW$40        .dwtag  DW_TAG_TI_assign_register
     342                      .dwattr $C$DW$40, DW_AT_name("AR5")
     343                      .dwattr $C$DW$40, DW_AT_location[DW_OP_reg14]
     344              
     345              $C$DW$41        .dwtag  DW_TAG_TI_assign_register
     346                      .dwattr $C$DW$41, DW_AT_name("XAR5")
     347                      .dwattr $C$DW$41, DW_AT_location[DW_OP_reg15]
     348              
     349              $C$DW$42        .dwtag  DW_TAG_TI_assign_register
     350                      .dwattr $C$DW$42, DW_AT_name("AR6")
     351                      .dwattr $C$DW$42, DW_AT_location[DW_OP_reg16]
     352              
     353              $C$DW$43        .dwtag  DW_TAG_TI_assign_register
     354                      .dwattr $C$DW$43, DW_AT_name("XAR6")
     355                      .dwattr $C$DW$43, DW_AT_location[DW_OP_reg17]
     356              
     357              $C$DW$44        .dwtag  DW_TAG_TI_assign_register
     358                      .dwattr $C$DW$44, DW_AT_name("AR7")
     359                      .dwattr $C$DW$44, DW_AT_location[DW_OP_reg18]
     360              
     361              $C$DW$45        .dwtag  DW_TAG_TI_assign_register
     362                      .dwattr $C$DW$45, DW_AT_name("XAR7")
     363                      .dwattr $C$DW$45, DW_AT_location[DW_OP_reg19]
     364              
     365              $C$DW$46        .dwtag  DW_TAG_TI_assign_register
     366                      .dwattr $C$DW$46, DW_AT_name("R0H")
     367                      .dwattr $C$DW$46, DW_AT_location[DW_OP_regx 0x2b]
     368              
     369              $C$DW$47        .dwtag  DW_TAG_TI_assign_register
     370                      .dwattr $C$DW$47, DW_AT_name("R0HH")
     371                      .dwattr $C$DW$47, DW_AT_location[DW_OP_regx 0x2c]
     372              
     373              $C$DW$48        .dwtag  DW_TAG_TI_assign_register
     374                      .dwattr $C$DW$48, DW_AT_name("R1H")
     375                      .dwattr $C$DW$48, DW_AT_location[DW_OP_regx 0x2f]
     376              
     377              $C$DW$49        .dwtag  DW_TAG_TI_assign_register
     378                      .dwattr $C$DW$49, DW_AT_name("R1HH")
     379                      .dwattr $C$DW$49, DW_AT_location[DW_OP_regx 0x30]
     380              
     381              $C$DW$50        .dwtag  DW_TAG_TI_assign_register
     382                      .dwattr $C$DW$50, DW_AT_name("R2H")
     383                      .dwattr $C$DW$50, DW_AT_location[DW_OP_regx 0x33]
     384              
     385              $C$DW$51        .dwtag  DW_TAG_TI_assign_register
TMS320C2000 Assembler PC v16.9.6 Tue Apr 03 14:26:44 2018

Tools Copyright (c) 1996-2017 Texas Instruments Incorporated
wait.asm                                                             PAGE    8

     386                      .dwattr $C$DW$51, DW_AT_name("R2HH")
     387                      .dwattr $C$DW$51, DW_AT_location[DW_OP_regx 0x34]
     388              
     389              $C$DW$52        .dwtag  DW_TAG_TI_assign_register
     390                      .dwattr $C$DW$52, DW_AT_name("R3H")
     391                      .dwattr $C$DW$52, DW_AT_location[DW_OP_regx 0x37]
     392              
     393              $C$DW$53        .dwtag  DW_TAG_TI_assign_register
     394                      .dwattr $C$DW$53, DW_AT_name("R3HH")
     395                      .dwattr $C$DW$53, DW_AT_location[DW_OP_regx 0x38]
     396              
     397              $C$DW$54        .dwtag  DW_TAG_TI_assign_register
     398                      .dwattr $C$DW$54, DW_AT_name("R4H")
     399                      .dwattr $C$DW$54, DW_AT_location[DW_OP_regx 0x3b]
     400              
     401              $C$DW$55        .dwtag  DW_TAG_TI_assign_register
     402                      .dwattr $C$DW$55, DW_AT_name("R4HH")
     403                      .dwattr $C$DW$55, DW_AT_location[DW_OP_regx 0x3c]
     404              
     405              $C$DW$56        .dwtag  DW_TAG_TI_assign_register
     406                      .dwattr $C$DW$56, DW_AT_name("R5H")
     407                      .dwattr $C$DW$56, DW_AT_location[DW_OP_regx 0x3f]
     408              
     409              $C$DW$57        .dwtag  DW_TAG_TI_assign_register
     410                      .dwattr $C$DW$57, DW_AT_name("R5HH")
     411                      .dwattr $C$DW$57, DW_AT_location[DW_OP_regx 0x40]
     412              
     413              $C$DW$58        .dwtag  DW_TAG_TI_assign_register
     414                      .dwattr $C$DW$58, DW_AT_name("R6H")
     415                      .dwattr $C$DW$58, DW_AT_location[DW_OP_regx 0x43]
     416              
     417              $C$DW$59        .dwtag  DW_TAG_TI_assign_register
     418                      .dwattr $C$DW$59, DW_AT_name("R6HH")
     419                      .dwattr $C$DW$59, DW_AT_location[DW_OP_regx 0x44]
     420              
     421              $C$DW$60        .dwtag  DW_TAG_TI_assign_register
     422                      .dwattr $C$DW$60, DW_AT_name("R7H")
     423                      .dwattr $C$DW$60, DW_AT_location[DW_OP_regx 0x47]
     424              
     425              $C$DW$61        .dwtag  DW_TAG_TI_assign_register
     426                      .dwattr $C$DW$61, DW_AT_name("R7HH")
     427                      .dwattr $C$DW$61, DW_AT_location[DW_OP_regx 0x48]
     428              
     429              $C$DW$62        .dwtag  DW_TAG_TI_assign_register
     430                      .dwattr $C$DW$62, DW_AT_name("RBL")
     431                      .dwattr $C$DW$62, DW_AT_location[DW_OP_regx 0x49]
     432              
     433              $C$DW$63        .dwtag  DW_TAG_TI_assign_register
     434                      .dwattr $C$DW$63, DW_AT_name("RB")
     435                      .dwattr $C$DW$63, DW_AT_location[DW_OP_regx 0x4a]
     436              
     437              $C$DW$64        .dwtag  DW_TAG_TI_assign_register
     438                      .dwattr $C$DW$64, DW_AT_name("STFL")
     439                      .dwattr $C$DW$64, DW_AT_location[DW_OP_regx 0x27]
     440              
TMS320C2000 Assembler PC v16.9.6 Tue Apr 03 14:26:44 2018

Tools Copyright (c) 1996-2017 Texas Instruments Incorporated
wait.asm                                                             PAGE    9

     441              $C$DW$65        .dwtag  DW_TAG_TI_assign_register
     442                      .dwattr $C$DW$65, DW_AT_name("STF")
     443                      .dwattr $C$DW$65, DW_AT_location[DW_OP_regx 0x28]
     444              
     445              $C$DW$66        .dwtag  DW_TAG_TI_assign_register
     446                      .dwattr $C$DW$66, DW_AT_name("FPUHAZ")
     447                      .dwattr $C$DW$66, DW_AT_location[DW_OP_reg27]
     448              
     449                      .dwendtag $C$DW$CU
     450              

No Assembly Errors, No Assembly Warnings
